<?xml version="1.0" encoding="UTF-8"?>
<testng-results skipped="0" failed="0" ignored="0" total="2" passed="2">
  <reporter-output>
  </reporter-output>
  <suite name="Default suite" duration-ms="48685" started-at="2018-11-13T04:44:43Z" finished-at="2018-11-13T04:45:32Z">
    <groups>
    </groups>
    <test name="Default test" duration-ms="48685" started-at="2018-11-13T04:44:43Z" finished-at="2018-11-13T04:45:32Z">
      <class name="TaskTest">
        <test-method status="PASS" signature="clickFindAStudio()[pri:0, instance:TaskTest@653222]" name="clickFindAStudio" duration-ms="32524" started-at="2018-11-13T04:44:44Z" finished-at="2018-11-13T04:45:16Z">
          <reporter-output>
          </reporter-output>
        </test-method> <!-- clickFindAStudio -->
        <test-method status="PASS" signature="searchForStudioZipCode()[pri:0, instance:TaskTest@653222]" name="searchForStudioZipCode" duration-ms="16044" started-at="2018-11-13T04:45:16Z" finished-at="2018-11-13T04:45:32Z">
          <reporter-output>
          </reporter-output>
        </test-method> <!-- searchForStudioZipCode -->
      </class> <!-- TaskTest -->
    </test> <!-- Default test -->
  </suite> <!-- Default suite -->
</testng-results>
